<?xml version="1.0" encoding="UTF-8"?>
<!-- Generated by org.testng.reporters.JUnitReportReporter -->
<testsuite hostname="MCSW69SLPC0018" failures="0" tests="1" name="testscripts.TC02_HandTowelProductAdding" time="66.036" errors="0" timestamp="2025-02-06T11:41:20 IST" skipped="0">
  <testcase classname="testscripts.TC02_HandTowelProductAdding" name="addToWishlist" time="66.036"/>
  <system-out/>
</testsuite> <!-- testscripts.TC02_HandTowelProductAdding -->
