<?xml version="1.0" encoding="UTF-8"?>
<!-- Generated by org.testng.reporters.JUnitReportReporter -->
<testsuite hostname="MCSW69SLPC0018" failures="0" tests="1" name="testscripts.TC04_Checkout" time="50.596" errors="0" timestamp="2025-02-03T18:40:16 IST" skipped="0">
  <testcase classname="testscripts.TC04_Checkout" name="addToCartAndCheckout" time="50.596"/>
  <system-out/>
</testsuite> <!-- testscripts.TC04_Checkout -->
