<?xml version="1.0" encoding="UTF-8"?>
<!-- Generated by org.testng.reporters.JUnitReportReporter -->
<testsuite hostname="MCSW69SLPC0018" failures="0" tests="1" name="testscripts.TC10_ProductVerification" time="35.867" errors="1" timestamp="2025-02-20T23:37:12 IST" skipped="0">
  <testcase classname="testscripts.TC10_ProductVerification" name="verifyProduct" time="35.867">
    <error message="element click intercepted: Element &lt;button is=&quot;toggle-button&quot; loader=&quot;&quot; aria-controls=&quot;product-template--24170044358944__featured-collections-4e24c60f-584d-4966-a5a9-c2a7f5362b3f-8790724116768-drawer&quot; aria-expanded=&quot;false&quot; class=&quot;button button--outline button--text button--full  hidden-touch hidden-phone&quot;&gt;...&lt;/button&gt; is not clickable at point (485, 516). Other element would receive the click: &lt;img src=&quot;//www.montecarlo.in/cdn/shop/products/223061535-1-38_5.jpg?v=1697896077&amp;amp;width=1080&quot; alt=&quot;Men Grey Solid Stand Collar Full Sleeve Tracksuits&quot; srcset=&quot;//www.montecarlo.in/cdn/shop/products/223061535-1-38_5.jpg?v=1697896077&amp;amp;width=200 200w, //www.montecarlo.in/cdn/shop/products/223061535-1-38_5.jpg?v=1697896077&amp;amp;width=300 300w, //www.montecarlo.in/cdn/shop/products/223061535-1-38_5.jpg?v=1697896077&amp;amp;width=400 400w, //www.montecarlo.in/cdn/shop/products/223061535-1-38_5.jpg?v=1697896077&amp;amp;width=500 500w, //www.montecarlo.in/cdn/shop/products/223061535-1-38_5.jpg?v=1697896077&amp;amp;width=600 600w, //www.montecarlo.in/cdn/shop/products/223061535-1-38_5.jpg?v=1697896077&amp;amp;width=700 700w, //www.montecarlo.in/cdn/shop/products/223061535-1-38_5.jpg?v=1697896077&amp;amp;width=800 800w, //www.montecarlo.in/cdn/shop/products/223061535-1-38_5.jpg?v=1697896077&amp;amp;width=900 900w, //www.montecarlo.in/cdn/shop/products/223061535-1-38_5.jpg?v=1697896077&amp;amp;width=1000 1000w&quot; width=&quot;1080&quot; height=&quot;1440&quot; loading=&quot;lazy&quot; sizes=&quot;(max-width: 740px) 52vw, calc(min(100vw - 80px, 1520px) / 4 - 18px)&quot; class=&quot;product-item__primary-image&quot; data-media-id=&quot;35575659757856&quot;&gt;
  (Session info: MicrosoftEdge=133.0.3065.69)
Build info: version: &#039;4.27.0&#039;, revision: &#039;d6e718d134&#039;
System info: os.name: &#039;Windows 11&#039;, os.arch: &#039;amd64&#039;, os.version: &#039;10.0&#039;, java.version: &#039;21.0.3&#039;
Driver info: org.openqa.selenium.edge.EdgeDriver
Command: [5e6f4a03c71cd144002bee076e1aa16f, clickElement {id=f.7AA258A12D970844DF483242E4247527.d.434456DD5632ED331171349DF25E247C.e.369}]
Capabilities {acceptInsecureCerts: false, browserName: MicrosoftEdge, browserVersion: 133.0.3065.69, fedcm:accounts: true, ms:edgeOptions: {debuggerAddress: localhost:49907}, msedge: {msedgedriverVersion: 133.0.3065.69 (c3f010c11f3e..., userDataDir: C:\Users\VC114136\AppData\L...}, networkConnectionEnabled: false, pageLoadStrategy: normal, platformName: windows, proxy: Proxy(), se:cdp: ws://localhost:49907/devtoo..., se:cdpVersion: 133.0.3065.69, setWindowRect: true, strictFileInteractability: false, timeouts: {implicit: 0, pageLoad: 300000, script: 30000}, unhandledPromptBehavior: dismiss and notify, webauthn:extension:credBlob: true, webauthn:extension:largeBlob: true, webauthn:extension:minPinLength: true, webauthn:extension:prf: true, webauthn:virtualAuthenticators: true}
Element: [[EdgeDriver: MicrosoftEdge on windows (5e6f4a03c71cd144002bee076e1aa16f)] -&gt; xpath: *//product-list[2]//product-item/div[2]/div[1]/button[1]]
Session ID: 5e6f4a03c71cd144002bee076e1aa16f" type="org.openqa.selenium.ElementClickInterceptedException">
      <![CDATA[org.openqa.selenium.ElementClickInterceptedException: element click intercepted: Element <button is="toggle-button" loader="" aria-controls="product-template--24170044358944__featured-collections-4e24c60f-584d-4966-a5a9-c2a7f5362b3f-8790724116768-drawer" aria-expanded="false" class="button button--outline button--text button--full  hidden-touch hidden-phone">...</button> is not clickable at point (485, 516). Other element would receive the click: <img src="//www.montecarlo.in/cdn/shop/products/223061535-1-38_5.jpg?v=1697896077&amp;width=1080" alt="Men Grey Solid Stand Collar Full Sleeve Tracksuits" srcset="//www.montecarlo.in/cdn/shop/products/223061535-1-38_5.jpg?v=1697896077&amp;width=200 200w, //www.montecarlo.in/cdn/shop/products/223061535-1-38_5.jpg?v=1697896077&amp;width=300 300w, //www.montecarlo.in/cdn/shop/products/223061535-1-38_5.jpg?v=1697896077&amp;width=400 400w, //www.montecarlo.in/cdn/shop/products/223061535-1-38_5.jpg?v=1697896077&amp;width=500 500w, //www.montecarlo.in/cdn/shop/products/223061535-1-38_5.jpg?v=1697896077&amp;width=600 600w, //www.montecarlo.in/cdn/shop/products/223061535-1-38_5.jpg?v=1697896077&amp;width=700 700w, //www.montecarlo.in/cdn/shop/products/223061535-1-38_5.jpg?v=1697896077&amp;width=800 800w, //www.montecarlo.in/cdn/shop/products/223061535-1-38_5.jpg?v=1697896077&amp;width=900 900w, //www.montecarlo.in/cdn/shop/products/223061535-1-38_5.jpg?v=1697896077&amp;width=1000 1000w" width="1080" height="1440" loading="lazy" sizes="(max-width: 740px) 52vw, calc(min(100vw - 80px, 1520px) / 4 - 18px)" class="product-item__primary-image" data-media-id="35575659757856">
  (Session info: MicrosoftEdge=133.0.3065.69)
Build info: version: '4.27.0', revision: 'd6e718d134'
System info: os.name: 'Windows 11', os.arch: 'amd64', os.version: '10.0', java.version: '21.0.3'
Driver info: org.openqa.selenium.edge.EdgeDriver
Command: [5e6f4a03c71cd144002bee076e1aa16f, clickElement {id=f.7AA258A12D970844DF483242E4247527.d.434456DD5632ED331171349DF25E247C.e.369}]
Capabilities {acceptInsecureCerts: false, browserName: MicrosoftEdge, browserVersion: 133.0.3065.69, fedcm:accounts: true, ms:edgeOptions: {debuggerAddress: localhost:49907}, msedge: {msedgedriverVersion: 133.0.3065.69 (c3f010c11f3e..., userDataDir: C:\Users\VC114136\AppData\L...}, networkConnectionEnabled: false, pageLoadStrategy: normal, platformName: windows, proxy: Proxy(), se:cdp: ws://localhost:49907/devtoo..., se:cdpVersion: 133.0.3065.69, setWindowRect: true, strictFileInteractability: false, timeouts: {implicit: 0, pageLoad: 300000, script: 30000}, unhandledPromptBehavior: dismiss and notify, webauthn:extension:credBlob: true, webauthn:extension:largeBlob: true, webauthn:extension:minPinLength: true, webauthn:extension:prf: true, webauthn:virtualAuthenticators: true}
Element: [[EdgeDriver: MicrosoftEdge on windows (5e6f4a03c71cd144002bee076e1aa16f)] -> xpath: *//product-list[2]//product-item/div[2]/div[1]/button[1]]
Session ID: 5e6f4a03c71cd144002bee076e1aa16f
at java.base/jdk.internal.reflect.DirectConstructorHandleAccessor.newInstance(DirectConstructorHandleAccessor.java:62)
at java.base/java.lang.reflect.Constructor.newInstanceWithCaller(Constructor.java:502)
at java.base/java.lang.reflect.Constructor.newInstance(Constructor.java:486)
at org.openqa.selenium.remote.ErrorCodec.decode(ErrorCodec.java:167)
at org.openqa.selenium.remote.codec.w3c.W3CHttpResponseCodec.decode(W3CHttpResponseCodec.java:138)
at org.openqa.selenium.remote.codec.w3c.W3CHttpResponseCodec.decode(W3CHttpResponseCodec.java:50)
at org.openqa.selenium.remote.HttpCommandExecutor.execute(HttpCommandExecutor.java:190)
at org.openqa.selenium.remote.service.DriverCommandExecutor.invokeExecute(DriverCommandExecutor.java:216)
at org.openqa.selenium.remote.service.DriverCommandExecutor.execute(DriverCommandExecutor.java:174)
at org.openqa.selenium.remote.RemoteWebDriver.execute(RemoteWebDriver.java:545)
at org.openqa.selenium.remote.RemoteWebElement.execute(RemoteWebElement.java:223)
at org.openqa.selenium.remote.RemoteWebElement.click(RemoteWebElement.java:76)
at pom.MonteCarloPage.hoverAndClickNewArrivalProduct(MonteCarloPage.java:74)
at testscripts.TC10_ProductVerification.verifyProduct(TC10_ProductVerification.java:77)
at java.base/jdk.internal.reflect.DirectMethodHandleAccessor.invoke(DirectMethodHandleAccessor.java:103)
at java.base/java.lang.reflect.Method.invoke(Method.java:580)
at org.testng.internal.MethodInvocationHelper.invokeMethod(MethodInvocationHelper.java:133)
at org.testng.internal.TestInvoker.invokeMethod(TestInvoker.java:598)
at org.testng.internal.TestInvoker.invokeTestMethod(TestInvoker.java:173)
at org.testng.internal.MethodRunner.runInSequence(MethodRunner.java:46)
at org.testng.internal.TestInvoker$MethodInvocationAgent.invoke(TestInvoker.java:824)
at org.testng.internal.TestInvoker.invokeTestMethods(TestInvoker.java:146)
at org.testng.internal.TestMethodWorker.invokeTestMethods(TestMethodWorker.java:146)
at org.testng.internal.TestMethodWorker.run(TestMethodWorker.java:128)
at java.base/java.util.ArrayList.forEach(ArrayList.java:1596)
at org.testng.TestRunner.privateRun(TestRunner.java:794)
at org.testng.TestRunner.run(TestRunner.java:596)
at org.testng.SuiteRunner.runTest(SuiteRunner.java:377)
at org.testng.SuiteRunner.runSequentially(SuiteRunner.java:371)
at org.testng.SuiteRunner.privateRun(SuiteRunner.java:332)
at org.testng.SuiteRunner.run(SuiteRunner.java:276)
at org.testng.SuiteRunnerWorker.runSuite(SuiteRunnerWorker.java:53)
at org.testng.SuiteRunnerWorker.run(SuiteRunnerWorker.java:96)
at org.testng.TestNG.runSuitesSequentially(TestNG.java:1212)
at org.testng.TestNG.runSuitesLocally(TestNG.java:1134)
at org.testng.TestNG.runSuites(TestNG.java:1063)
at org.testng.TestNG.run(TestNG.java:1031)
at org.testng.remote.AbstractRemoteTestNG.run(AbstractRemoteTestNG.java:115)
at org.testng.remote.RemoteTestNG.initAndRun(RemoteTestNG.java:293)
at org.testng.remote.RemoteTestNG.main(RemoteTestNG.java:91)
]]>
    </error>
  </testcase> <!-- verifyProduct -->
  <system-out/>
</testsuite> <!-- testscripts.TC10_ProductVerification -->
