<?xml version="1.0" encoding="UTF-8"?>
<!-- Generated by org.testng.reporters.JUnitReportReporter -->
<testsuite hostname="MCSW69SLPC0018" failures="0" tests="1" name="testscripts.TC11_SuggesstionBangalore" time="36.787" errors="0" timestamp="2025-02-03T18:33:48 IST" skipped="0">
  <testcase classname="testscripts.TC11_SuggesstionBangalore" name="suggesstionBangalore" time="36.787"/>
  <system-out/>
</testsuite> <!-- testscripts.TC11_SuggesstionBangalore -->
