<?xml version="1.0" encoding="UTF-8"?>
<!-- Generated by org.testng.reporters.JUnitReportReporter -->
<testsuite hostname="MCSW69SLPC0018" failures="0" tests="1" name="testscripts.TC01_AddProductToCart" time="47.437" errors="0" timestamp="2025-02-03T18:33:48 IST" skipped="0">
  <testcase classname="testscripts.TC01_AddProductToCart" name="addToCart" time="47.437"/>
  <system-out/>
</testsuite> <!-- testscripts.TC01_AddProductToCart -->
