<?xml version="1.0" encoding="UTF-8"?>
<!-- Generated by org.testng.reporters.JUnitReportReporter -->
<testsuite hostname="MCSW69SLPC0018" failures="0" tests="1" name="testscripts.TC09_AddToWishlistAndCart" time="36.434" errors="0" timestamp="2025-02-03T18:40:16 IST" skipped="0">
  <testcase classname="testscripts.TC09_AddToWishlistAndCart" name="addToCart" time="36.434"/>
  <system-out/>
</testsuite> <!-- testscripts.TC09_AddToWishlistAndCart -->
