<?xml version="1.0" encoding="UTF-8"?>
<!-- Generated by org.testng.reporters.JUnitReportReporter -->
<testsuite hostname="MCSW69SLPC0018" failures="0" tests="1" name="testscripts.TC05_manufactureAddress" time="146.750" errors="0" timestamp="2025-02-03T18:48:56 IST" skipped="0">
  <testcase classname="testscripts.TC05_manufactureAddress" name="getManufactureAddress" time="146.750"/>
  <system-out/>
</testsuite> <!-- testscripts.TC05_manufactureAddress -->
