<?xml version="1.0" encoding="UTF-8"?>
<!-- Generated by org.testng.reporters.JUnitReportReporter -->
<testsuite hostname="MCSW69SLPC0018" failures="0" tests="1" name="testscripts.TC09_AddToWishlistAndCart" time="29.807" errors="0" timestamp="2025-02-20T23:37:12 IST" skipped="0">
  <testcase classname="testscripts.TC09_AddToWishlistAndCart" name="addToCart" time="29.807"/>
  <system-out/>
</testsuite> <!-- testscripts.TC09_AddToWishlistAndCart -->
