<?xml version="1.0" encoding="UTF-8"?>
<!-- Generated by org.testng.reporters.JUnitReportReporter -->
<testsuite hostname="MCSW69SLPC0018" failures="0" tests="1" name="testscripts.TC02_AddProductToWishlist" time="46.388" errors="0" timestamp="2025-02-02T19:32:35 IST" skipped="0">
  <testcase classname="testscripts.TC02_AddProductToWishlist" name="addToWishlist" time="46.388"/>
  <system-out/>
</testsuite> <!-- testscripts.TC02_AddProductToWishlist -->
