<?xml version="1.0" encoding="UTF-8"?>
<!-- Generated by org.testng.reporters.JUnitReportReporter -->
<testsuite hostname="MCSW69SLPC0018" failures="0" tests="1" name="testscripts.TC04_InitiateCheckout" time="45.012" errors="0" timestamp="2025-02-20T23:37:12 IST" skipped="0">
  <testcase classname="testscripts.TC04_InitiateCheckout" name="addToCartAndCheckout" time="45.012"/>
  <system-out/>
</testsuite> <!-- testscripts.TC04_InitiateCheckout -->
