<?xml version="1.0" encoding="UTF-8"?>
<!-- Generated by org.testng.reporters.JUnitReportReporter -->
<testsuite hostname="MCSW69SLPC0018" failures="0" tests="1" name="testscripts.TC03_PincodeDelivery" time="57.387" errors="0" timestamp="2025-02-05T14:49:39 IST" skipped="0">
  <testcase classname="testscripts.TC03_PincodeDelivery" name="checkPincodeAndDelivery" time="57.387"/>
  <system-out/>
</testsuite> <!-- testscripts.TC03_PincodeDelivery -->
